Started at Tue May 12 13:09:21 UTC 2020
Processing DOCKER_TEST
Offering DOCKER_TEST to Project Build Discarder
Processing SELENIUM_DOCKER_BUILDER
Offering SELENIUM_DOCKER_BUILDER to Project Build Discarder
Processing SELENIUM_DOCKER_RUNNER
Offering SELENIUM_DOCKER_RUNNER to Project Build Discarder
Finished at Tue May 12 13:09:22 UTC 2020. 141ms
Started at Tue May 12 14:09:21 UTC 2020
Processing DOCKER_TEST
Offering DOCKER_TEST to Project Build Discarder
Processing SELENIUM_DOCKER_BUILDER
Offering SELENIUM_DOCKER_BUILDER to Project Build Discarder
Processing SELENIUM_DOCKER_RUNNER
Offering SELENIUM_DOCKER_RUNNER to Project Build Discarder
Finished at Tue May 12 14:09:21 UTC 2020. 29ms
Started at Tue May 12 15:09:21 UTC 2020
Processing DOCKER_TEST
Offering DOCKER_TEST to Project Build Discarder
Processing SELENIUM_DOCKER_BUILDER
Offering SELENIUM_DOCKER_BUILDER to Project Build Discarder
Processing SELENIUM_DOCKER_RUNNER
Offering SELENIUM_DOCKER_RUNNER to Project Build Discarder
Finished at Tue May 12 15:09:21 UTC 2020. 33ms
Started at Tue May 12 16:09:21 UTC 2020
Processing DOCKER_TEST
Offering DOCKER_TEST to Project Build Discarder
Processing SELENIUM_DOCKER_BUILDER
Offering SELENIUM_DOCKER_BUILDER to Project Build Discarder
Processing SELENIUM_DOCKER_RUNNER
Offering SELENIUM_DOCKER_RUNNER to Project Build Discarder
Finished at Tue May 12 16:09:21 UTC 2020. 43ms
Started at Tue May 12 17:09:21 UTC 2020
Processing DOCKER_TEST
Offering DOCKER_TEST to Project Build Discarder
Processing SELENIUM_DOCKER_BUILDER
Offering SELENIUM_DOCKER_BUILDER to Project Build Discarder
Processing SELENIUM_DOCKER_RUNNER
Offering SELENIUM_DOCKER_RUNNER to Project Build Discarder
Finished at Tue May 12 17:09:21 UTC 2020. 42ms
Started at Tue May 12 18:09:21 UTC 2020
Processing DOCKER_TEST
Offering DOCKER_TEST to Project Build Discarder
Processing SELENIUM_DOCKER_BUILDER
Offering SELENIUM_DOCKER_BUILDER to Project Build Discarder
Processing SELENIUM_DOCKER_RUNNER
Offering SELENIUM_DOCKER_RUNNER to Project Build Discarder
Finished at Tue May 12 18:09:21 UTC 2020. 44ms
Started at Tue May 12 19:09:21 UTC 2020
Processing DOCKER_TEST
Offering DOCKER_TEST to Project Build Discarder
Processing SELENIUM_DOCKER_BUILDER
Offering SELENIUM_DOCKER_BUILDER to Project Build Discarder
Processing SELENIUM_DOCKER_RUNNER
Offering SELENIUM_DOCKER_RUNNER to Project Build Discarder
Finished at Tue May 12 19:09:21 UTC 2020. 50ms
Started at Tue May 12 20:09:21 UTC 2020
Processing DOCKER_TEST
Offering DOCKER_TEST to Project Build Discarder
Processing SELENIUM_DOCKER_BUILDER
Offering SELENIUM_DOCKER_BUILDER to Project Build Discarder
Processing SELENIUM_DOCKER_RUNNER
Offering SELENIUM_DOCKER_RUNNER to Project Build Discarder
Finished at Tue May 12 20:09:21 UTC 2020. 41ms
Started at Tue May 12 21:09:21 UTC 2020
Processing DOCKER_TEST
Offering DOCKER_TEST to Project Build Discarder
Processing SELENIUM_DOCKER_BUILDER
Offering SELENIUM_DOCKER_BUILDER to Project Build Discarder
Processing SELENIUM_DOCKER_RUNNER
Offering SELENIUM_DOCKER_RUNNER to Project Build Discarder
Finished at Tue May 12 21:09:21 UTC 2020. 37ms
Started at Tue May 12 22:09:21 UTC 2020
Processing DOCKER_TEST
Offering DOCKER_TEST to Project Build Discarder
Processing SELENIUM_DOCKER_BUILDER
Offering SELENIUM_DOCKER_BUILDER to Project Build Discarder
Processing SELENIUM_DOCKER_RUNNER
Offering SELENIUM_DOCKER_RUNNER to Project Build Discarder
Finished at Tue May 12 22:09:21 UTC 2020. 52ms
Started at Tue May 12 23:09:21 UTC 2020
Processing DOCKER_TEST
Offering DOCKER_TEST to Project Build Discarder
Processing SELENIUM_DOCKER_BUILDER
Offering SELENIUM_DOCKER_BUILDER to Project Build Discarder
Processing SELENIUM_DOCKER_RUNNER
Offering SELENIUM_DOCKER_RUNNER to Project Build Discarder
Finished at Tue May 12 23:09:21 UTC 2020. 35ms
Started at Wed May 13 00:09:21 UTC 2020
Processing DOCKER_TEST
Offering DOCKER_TEST to Project Build Discarder
Processing SELENIUM_DOCKER_BUILDER
Offering SELENIUM_DOCKER_BUILDER to Project Build Discarder
Processing SELENIUM_DOCKER_RUNNER
Offering SELENIUM_DOCKER_RUNNER to Project Build Discarder
Finished at Wed May 13 00:09:21 UTC 2020. 38ms
